<?xml version="1.0" encoding="UTF-8"?>
<!-- Generated by org.testng.reporters.JUnitReportReporter -->
<testsuite hostname="NODHRSPW0CFCSS" failures="0" tests="1" name="swaglab_test.ProductsTest" time="8.085" errors="0" timestamp="12 Apr 2025 13:17:54 GMT" skipped="0">
  <testcase classname="swaglab_test.ProductsTest" name="AddToCartTest" time="8.085"/>
</testsuite> <!-- swaglab_test.ProductsTest -->
