<?xml version="1.0" encoding="UTF-8"?>
<!-- Generated by org.testng.reporters.JUnitReportReporter -->
<testsuite hostname="NODHRSPW0CFCSS" failures="0" tests="1" name="swaglab_test.LoginTest" time="7.089" errors="0" timestamp="13 Apr 2025 17:07:34 GMT" skipped="0">
  <testcase classname="swaglab_test.LoginTest" name="LoginFailureTestFromProperties" time="7.089"/>
</testsuite> <!-- swaglab_test.LoginTest -->
