<?xml version="1.0" encoding="UTF-8"?>
<!-- Generated by org.testng.reporters.JUnitReportReporter -->
<testsuite hostname="NODHRSPW0CFCSS" failures="0" tests="1" name="testng.AnnotationsExample" time="0.007" errors="0" timestamp="11 Apr 2025 09:26:52 GMT" skipped="0">
  <testcase classname="testng.AnnotationsExample" name="test1" time="0.007"/>
</testsuite> <!-- testng.AnnotationsExample -->
