<?xml version="1.0" encoding="UTF-8"?>
<!-- Generated by org.testng.reporters.JUnitReportReporter -->
<testsuite hostname="NODHRSPW0CFCSS" failures="0" tests="3" name="swaglab_test.LoginTest" time="12.739" errors="0" timestamp="11 Apr 2025 13:11:39 GMT" skipped="0">
  <testcase classname="swaglab_test.LoginTest" name="LoginSuccessTest" time="4.114"/>
  <testcase classname="swaglab_test.LoginTest" name="LockedUserLoginFailureTest" time="3.817"/>
  <testcase classname="swaglab_test.LoginTest" name="LoginFailureTest" time="4.808"/>
</testsuite> <!-- swaglab_test.LoginTest -->
