<?xml version="1.0" encoding="UTF-8"?>
<!-- Generated by org.testng.reporters.JUnitReportReporter -->
<testsuite hostname="NODHRSPW0CFCSS" failures="0" tests="1" name="testng.BaseClass" time="0.010" errors="0" timestamp="05 Apr 2025 16:34:53 GMT" skipped="0">
  <testcase classname="testng.BaseClass" name="method3" time="0.010"/>
</testsuite> <!-- testng.BaseClass -->
