<?xml version="1.0" encoding="UTF-8"?>
<!-- Generated by org.testng.reporters.JUnitReportReporter -->
<testsuite hostname="NODHRSPW0CFCSS" failures="0" tests="2" name="testng.AnnotationsExample" time="0.016" errors="0" timestamp="2025-04-05T20:20:27 IST" skipped="0">
  <testcase classname="testng.AnnotationsExample" name="test1" time="0.012"/>
  <testcase classname="testng.AnnotationsExample" name="test2" time="0.004"/>
</testsuite> <!-- testng.AnnotationsExample -->
